SF:lib\meta_weather_api.dart
DA:9,0
LF:1
LH:0
end_of_record
SF:lib\src\meta_weather_api_client.dart
DA:24,1
DA:25,1
DA:31,1
DA:32,1
DA:35,1
DA:37,3
DA:39,2
DA:40,1
DA:43,1
DA:44,1
DA:47,1
DA:48,1
DA:51,2
DA:55,1
DA:56,2
DA:57,3
DA:59,2
DA:60,1
DA:63,1
DA:64,1
DA:65,1
DA:67,1
DA:68,1
DA:71,2
LF:24
LH:24
end_of_record
SF:lib\src\models\location.dart
DA:5,3
DA:22,1
DA:29,2
DA:30,2
DA:41,1
DA:48,6
DA:49,0
DA:51,0
DA:54,1
DA:56,1
DA:57,1
DA:58,2
DA:59,2
LF:13
LH:11
end_of_record
SF:lib\src\models\location.g.dart
DA:11,4
DA:14,2
DA:15,1
DA:16,2
DA:18,4
DA:20,2
DA:21,1
LF:7
LH:7
end_of_record
SF:lib\src\models\weather.dart
DA:5,4
DA:30,2
DA:33,4
DA:55,2
DA:72,2
DA:73,2
LF:6
LH:6
end_of_record
SF:lib\src\models\weather.g.dart
DA:11,4
DA:14,2
DA:15,2
DA:16,2
DA:18,2
DA:21,4
DA:25,4
DA:28,4
DA:30,4
DA:31,4
DA:32,4
DA:33,4
DA:35,4
DA:37,4
DA:39,4
DA:40,2
DA:42,4
DA:43,2
LF:18
LH:18
end_of_record
